<testsuites id="" name="" tests="1" failures="0" skipped="0" errors="0" time="14.053685">
<testsuite name="health-vaccinations.spec.ts" timestamp="2025-09-16T05:46:37.260Z" hostname="chromium" tests="1" failures="0" skipped="0" time="10.641" errors="0">
<testcase name="Health&amp;Vaccinations Directory › Add Health Record:" classname="health-vaccinations.spec.ts" time="10.641">
<system-out>
<![CDATA[10:46:39 [[32minfo[39m] [CommonUtils]: STEP: Navigating to: https://farmdigits.outscalers.com/ 
10:46:41 [[32minfo[39m] [CommonUtils]: STEP: Waiting for page to load 
]]>
</system-out>
</testcase>
</testsuite>
</testsuites>