<testsuites id="" name="" tests="1" failures="0" skipped="0" errors="0" time="16.276281">
<testsuite name="change-logo.spec.ts" timestamp="2025-09-04T11:38:30.959Z" hostname="chromium" tests="1" failures="0" skipped="0" time="12.577" errors="0">
<testcase name="Add Shed › should add a shed" classname="change-logo.spec.ts" time="12.577">
<system-out>
<![CDATA[16:38:32 [[32minfo[39m] [CommonUtils]: STEP: Navigating to: https://farmdigits.outscalers.com/ 
16:38:34 [[32minfo[39m] [CommonUtils]: STEP: Waiting for page to load 
]]>
</system-out>
</testcase>
</testsuite>
</testsuites>