<testsuites id="" name="" tests="3" failures="1" skipped="0" errors="0" time="22.129863">
<testsuite name="add-doctor.spec.ts" timestamp="2025-09-09T07:08:43.717Z" hostname="chromium" tests="3" failures="1" skipped="0" time="31.061" errors="0">
<testcase name="Veterinarian Directory › should add a doctor" classname="add-doctor.spec.ts" time="8.716">
</testcase>
<testcase name="Veterinarian Directory › should filter table results by search term" classname="add-doctor.spec.ts" time="13.393">
<failure message="add-doctor.spec.ts:23:9 should filter table results by search term" type="FAILURE">
<![CDATA[  [chromium] › add-doctor.spec.ts:23:9 › Veterinarian Directory › should filter table results by search term 

    Error: expect(locator).toHaveCount(expected) failed

    Locator:  locator('table tbody tr')
    Expected: 2
    Received: 1
    Timeout:  5000ms

    Call log:
      - Expect "toHaveCount" with timeout 5000ms
      - waiting for locator('table tbody tr')
        8 × locator resolved to 1 element
          - unexpected value "1"


       at ..\src\pages\Health&Vaccinations.ts:51

      49 |     async expectSearchResults(name: string, expectedCount?: number) {
      50 |         if (expectedCount) {
    > 51 |             await expect(this.tableRows).toHaveCount(expectedCount);
         |                                          ^
      52 |         }
      53 |         await expect(this.tableRows.first()).toContainText(name);
      54 |     }
        at HealthAndVaccinationsPage.expectSearchResults (C:\Users\LENOVO\Desktop\Farm_Digit Automation Testing\src\pages\Health&Vaccinations.ts:51:42)
        at C:\Users\LENOVO\Desktop\Farm_Digit Automation Testing\tests\add-doctor.spec.ts:27:28

    attachment #1: screenshot (image/png) ──────────────────────────────────────────────────────────
    ..\reports\current\test-results\add-doctor-Veterinarian-Di-1a2ae-able-results-by-search-term-chromium\test-failed-1.png
    ────────────────────────────────────────────────────────────────────────────────────────────────

    attachment #2: video (video/webm) ──────────────────────────────────────────────────────────────
    ..\reports\current\test-results\add-doctor-Veterinarian-Di-1a2ae-able-results-by-search-term-chromium\video.webm
    ────────────────────────────────────────────────────────────────────────────────────────────────

    Error Context: ..\reports\current\test-results\add-doctor-Veterinarian-Di-1a2ae-able-results-by-search-term-chromium\error-context.md
]]>
</failure>
<system-out>
<![CDATA[
[[ATTACHMENT|test-results\add-doctor-Veterinarian-Di-1a2ae-able-results-by-search-term-chromium\test-failed-1.png]]

[[ATTACHMENT|test-results\add-doctor-Veterinarian-Di-1a2ae-able-results-by-search-term-chromium\video.webm]]

[[ATTACHMENT|test-results\add-doctor-Veterinarian-Di-1a2ae-able-results-by-search-term-chromium\error-context.md]]
]]>
</system-out>
</testcase>
<testcase name="Veterinarian Directory › should delete searched veterinarian" classname="add-doctor.spec.ts" time="8.952">
</testcase>
</testsuite>
</testsuites>