<testsuites id="" name="" tests="6" failures="4" skipped="0" errors="0" time="62.509305">
<testsuite name="add-animal.spec.ts" timestamp="2025-09-08T10:47:22.319Z" hostname="chromium" tests="1" failures="1" skipped="0" time="38.557" errors="0">
<testcase name="Add Animal › should open add animal form" classname="add-animal.spec.ts" time="38.557">
<failure message="add-animal.spec.ts:8:9 should open add animal form" type="FAILURE">
<![CDATA[  [chromium] › add-animal.spec.ts:8:9 › Add Animal › should open add animal form ───────────────────

    TimeoutError: locator.waitFor: Timeout 10000ms exceeded.
    Call log:
      - waiting for locator('//span[text()="Livestock Management"]') to be visible


       at ..\src\utils\common-utils.ts:23

      21 |     this.logger.logElementInteraction('waitForElement', selector);
      22 |     const element = this.page.locator(selector);
    > 23 |     await element.waitFor({ state: 'visible', timeout });
         |                   ^
      24 |     return element;
      25 |   }
      26 |
        at CommonUtils.waitForElement (C:\Users\LENOVO\Desktop\Farm_Digit Automation Testing\src\utils\common-utils.ts:23:19)
        at CommonUtils.clickElement (C:\Users\LENOVO\Desktop\Farm_Digit Automation Testing\src\utils\common-utils.ts:35:36)
        at SidebarPage.clickLivestockManagement (C:\Users\LENOVO\Desktop\Farm_Digit Automation Testing\src\pages\sidebar-page.ts:18:9)
        at SidebarPage.openAnimalTable (C:\Users\LENOVO\Desktop\Farm_Digit Automation Testing\src\pages\sidebar-page.ts:48:9)
        at C:\Users\LENOVO\Desktop\Farm_Digit Automation Testing\tests\add-animal.spec.ts:12:9

    attachment #1: screenshot (image/png) ──────────────────────────────────────────────────────────
    ..\reports\current\test-results\add-animal-Add-Animal-should-open-add-animal-form-chromium\test-failed-1.png
    ────────────────────────────────────────────────────────────────────────────────────────────────

    attachment #2: video (video/webm) ──────────────────────────────────────────────────────────────
    ..\reports\current\test-results\add-animal-Add-Animal-should-open-add-animal-form-chromium\video.webm
    ────────────────────────────────────────────────────────────────────────────────────────────────

    Error Context: ..\reports\current\test-results\add-animal-Add-Animal-should-open-add-animal-form-chromium\error-context.md
]]>
</failure>
<system-out>
<![CDATA[15:47:37 [[33mwarn[39m] [CommonUtils]: Click attempt 1 failed, retrying... {
  "selector": "//span[text()=\"Livestock Management\"]",
  "error": {
    "name": "TimeoutError"
  }
}
15:47:49 [[33mwarn[39m] [CommonUtils]: Click attempt 2 failed, retrying... {
  "selector": "//span[text()=\"Livestock Management\"]",
  "error": {
    "name": "TimeoutError"
  }
}

[[ATTACHMENT|test-results\add-animal-Add-Animal-should-open-add-animal-form-chromium\test-failed-1.png]]

[[ATTACHMENT|test-results\add-animal-Add-Animal-should-open-add-animal-form-chromium\video.webm]]

[[ATTACHMENT|test-results\add-animal-Add-Animal-should-open-add-animal-form-chromium\error-context.md]]
]]>
</system-out>
</testcase>
</testsuite>
<testsuite name="add-doctor.spec.ts" timestamp="2025-09-08T10:47:22.319Z" hostname="chromium" tests="1" failures="1" skipped="0" time="38.537" errors="0">
<testcase name="Add Doctor › should add a doctor" classname="add-doctor.spec.ts" time="38.537">
<failure message="add-doctor.spec.ts:8:9 should add a doctor" type="FAILURE">
<![CDATA[  [chromium] › add-doctor.spec.ts:8:9 › Add Doctor › should add a doctor ───────────────────────────

    TimeoutError: locator.waitFor: Timeout 10000ms exceeded.
    Call log:
      - waiting for locator('//span[text()="Livestock Management"]') to be visible


       at ..\src\utils\common-utils.ts:23

      21 |     this.logger.logElementInteraction('waitForElement', selector);
      22 |     const element = this.page.locator(selector);
    > 23 |     await element.waitFor({ state: 'visible', timeout });
         |                   ^
      24 |     return element;
      25 |   }
      26 |
        at CommonUtils.waitForElement (C:\Users\LENOVO\Desktop\Farm_Digit Automation Testing\src\utils\common-utils.ts:23:19)
        at CommonUtils.clickElement (C:\Users\LENOVO\Desktop\Farm_Digit Automation Testing\src\utils\common-utils.ts:35:36)
        at SidebarPage.clickLivestockManagement (C:\Users\LENOVO\Desktop\Farm_Digit Automation Testing\src\pages\sidebar-page.ts:18:9)
        at SidebarPage.openHealthAndVaccinationPage (C:\Users\LENOVO\Desktop\Farm_Digit Automation Testing\src\pages\sidebar-page.ts:40:9)
        at C:\Users\LENOVO\Desktop\Farm_Digit Automation Testing\tests\add-doctor.spec.ts:12:9

    attachment #1: screenshot (image/png) ──────────────────────────────────────────────────────────
    ..\reports\current\test-results\add-doctor-Add-Doctor-should-add-a-doctor-chromium\test-failed-1.png
    ────────────────────────────────────────────────────────────────────────────────────────────────

    attachment #2: video (video/webm) ──────────────────────────────────────────────────────────────
    ..\reports\current\test-results\add-doctor-Add-Doctor-should-add-a-doctor-chromium\video.webm
    ────────────────────────────────────────────────────────────────────────────────────────────────

    Error Context: ..\reports\current\test-results\add-doctor-Add-Doctor-should-add-a-doctor-chromium\error-context.md
]]>
</failure>
<system-out>
<![CDATA[15:47:39 [[33mwarn[39m] [CommonUtils]: Click attempt 1 failed, retrying... {
  "selector": "//span[text()=\"Livestock Management\"]",
  "error": {
    "name": "TimeoutError"
  }
}
15:47:50 [[33mwarn[39m] [CommonUtils]: Click attempt 2 failed, retrying... {
  "selector": "//span[text()=\"Livestock Management\"]",
  "error": {
    "name": "TimeoutError"
  }
}

[[ATTACHMENT|test-results\add-doctor-Add-Doctor-should-add-a-doctor-chromium\test-failed-1.png]]

[[ATTACHMENT|test-results\add-doctor-Add-Doctor-should-add-a-doctor-chromium\video.webm]]

[[ATTACHMENT|test-results\add-doctor-Add-Doctor-should-add-a-doctor-chromium\error-context.md]]
]]>
</system-out>
</testcase>
</testsuite>
<testsuite name="add-shed.spec.ts" timestamp="2025-09-08T10:47:22.319Z" hostname="chromium" tests="1" failures="1" skipped="0" time="38.11" errors="0">
<testcase name="Add Shed › should add a shed" classname="add-shed.spec.ts" time="38.11">
<failure message="add-shed.spec.ts:8:9 should add a shed" type="FAILURE">
<![CDATA[  [chromium] › add-shed.spec.ts:8:9 › Add Shed › should add a shed ─────────────────────────────────

    TimeoutError: locator.waitFor: Timeout 10000ms exceeded.
    Call log:
      - waiting for locator('//span[text()="Livestock Management"]') to be visible


       at ..\src\utils\common-utils.ts:23

      21 |     this.logger.logElementInteraction('waitForElement', selector);
      22 |     const element = this.page.locator(selector);
    > 23 |     await element.waitFor({ state: 'visible', timeout });
         |                   ^
      24 |     return element;
      25 |   }
      26 |
        at CommonUtils.waitForElement (C:\Users\LENOVO\Desktop\Farm_Digit Automation Testing\src\utils\common-utils.ts:23:19)
        at CommonUtils.clickElement (C:\Users\LENOVO\Desktop\Farm_Digit Automation Testing\src\utils\common-utils.ts:35:36)
        at SidebarPage.clickLivestockManagement (C:\Users\LENOVO\Desktop\Farm_Digit Automation Testing\src\pages\sidebar-page.ts:18:9)
        at SidebarPage.openShedTable (C:\Users\LENOVO\Desktop\Farm_Digit Automation Testing\src\pages\sidebar-page.ts:53:9)
        at C:\Users\LENOVO\Desktop\Farm_Digit Automation Testing\tests\add-shed.spec.ts:12:9

    attachment #1: screenshot (image/png) ──────────────────────────────────────────────────────────
    ..\reports\current\test-results\add-shed-Add-Shed-should-add-a-shed-chromium\test-failed-1.png
    ────────────────────────────────────────────────────────────────────────────────────────────────

    attachment #2: video (video/webm) ──────────────────────────────────────────────────────────────
    ..\reports\current\test-results\add-shed-Add-Shed-should-add-a-shed-chromium\video.webm
    ────────────────────────────────────────────────────────────────────────────────────────────────

    Error Context: ..\reports\current\test-results\add-shed-Add-Shed-should-add-a-shed-chromium\error-context.md
]]>
</failure>
<system-out>
<![CDATA[15:47:40 [[33mwarn[39m] [CommonUtils]: Click attempt 1 failed, retrying... {
  "selector": "//span[text()=\"Livestock Management\"]",
  "error": {
    "name": "TimeoutError"
  }
}
15:47:51 [[33mwarn[39m] [CommonUtils]: Click attempt 2 failed, retrying... {
  "selector": "//span[text()=\"Livestock Management\"]",
  "error": {
    "name": "TimeoutError"
  }
}

[[ATTACHMENT|test-results\add-shed-Add-Shed-should-add-a-shed-chromium\test-failed-1.png]]

[[ATTACHMENT|test-results\add-shed-Add-Shed-should-add-a-shed-chromium\video.webm]]

[[ATTACHMENT|test-results\add-shed-Add-Shed-should-add-a-shed-chromium\error-context.md]]
]]>
</system-out>
</testcase>
</testsuite>
<testsuite name="change-logo.spec.ts" timestamp="2025-09-08T10:47:22.319Z" hostname="chromium" tests="1" failures="1" skipped="0" time="38.386" errors="0">
<testcase name="General Settings › should upload logo and save settings" classname="change-logo.spec.ts" time="38.386">
<failure message="change-logo.spec.ts:11:7 should upload logo and save settings" type="FAILURE">
<![CDATA[  [chromium] › change-logo.spec.ts:11:7 › General Settings › should upload logo and save settings ──

    TimeoutError: page.waitForLoadState: Timeout 30000ms exceeded.

       at ..\src\utils\common-utils.ts:127

      125 |   async waitForPageLoad(): Promise<void> {
      126 |     this.logger.logStep('Waiting for page to load');
    > 127 |     await this.page.waitForLoadState('networkidle');
          |                     ^
      128 |   }
      129 |
      130 |   /**
        at CommonUtils.waitForPageLoad (C:\Users\LENOVO\Desktop\Farm_Digit Automation Testing\src\utils\common-utils.ts:127:21)
        at CommonUtils.navigateTo (C:\Users\LENOVO\Desktop\Farm_Digit Automation Testing\src\utils\common-utils.ts:294:16)
        at LoginPage.clickLoginButton (C:\Users\LENOVO\Desktop\Farm_Digit Automation Testing\src\pages\login-page.ts:21:5)
        at C:\Users\LENOVO\Desktop\Farm_Digit Automation Testing\tests\change-logo.spec.ts:15:5

    attachment #1: screenshot (image/png) ──────────────────────────────────────────────────────────
    ..\reports\current\test-results\change-logo-General-Settin-d4d3f-load-logo-and-save-settings-chromium\test-failed-1.png
    ────────────────────────────────────────────────────────────────────────────────────────────────

    attachment #2: video (video/webm) ──────────────────────────────────────────────────────────────
    ..\reports\current\test-results\change-logo-General-Settin-d4d3f-load-logo-and-save-settings-chromium\video.webm
    ────────────────────────────────────────────────────────────────────────────────────────────────

    Error Context: ..\reports\current\test-results\change-logo-General-Settin-d4d3f-load-logo-and-save-settings-chromium\error-context.md
]]>
</failure>
<system-out>
<![CDATA[15:47:25 [[32minfo[39m] [CommonUtils]: STEP: Navigating to: https://farmdigits.outscalers.com/ 
15:47:30 [[32minfo[39m] [CommonUtils]: STEP: Waiting for page to load 

[[ATTACHMENT|test-results\change-logo-General-Settin-d4d3f-load-logo-and-save-settings-chromium\test-failed-1.png]]

[[ATTACHMENT|test-results\change-logo-General-Settin-d4d3f-load-logo-and-save-settings-chromium\video.webm]]

[[ATTACHMENT|test-results\change-logo-General-Settin-d4d3f-load-logo-and-save-settings-chromium\error-context.md]]
]]>
</system-out>
</testcase>
</testsuite>
<testsuite name="login.spec.ts" timestamp="2025-09-08T10:47:22.319Z" hostname="chromium" tests="2" failures="0" skipped="0" time="17.207" errors="0">
<testcase name="Login › should login successfully with standard user" classname="login.spec.ts" time="7.578">
<system-out>
<![CDATA[15:48:07 [[32minfo[39m] [CommonUtils]: STEP: Navigating to: https://farmdigits.outscalers.com/ 
15:48:09 [[32minfo[39m] [CommonUtils]: STEP: Waiting for page to load 
]]>
</system-out>
</testcase>
<testcase name="Login › should show error on invalid credentials" classname="login.spec.ts" time="9.629">
<system-out>
<![CDATA[15:48:07 [[32minfo[39m] [CommonUtils]: STEP: Navigating to: https://farmdigits.outscalers.com/ 
15:48:10 [[32minfo[39m] [CommonUtils]: STEP: Waiting for page to load 
]]>
</system-out>
</testcase>
</testsuite>
</testsuites>