<testsuites id="" name="" tests="1" failures="0" skipped="0" errors="0" time="228.714824">
<testsuite name="change-logo.spec.ts" timestamp="2025-09-04T11:25:29.048Z" hostname="chromium" tests="1" failures="0" skipped="0" time="225.431" errors="0">
<testcase name="Add Shed › should add a shed" classname="change-logo.spec.ts" time="225.431">
<system-out>
<![CDATA[16:25:31 [[32minfo[39m] [CommonUtils]: STEP: Navigating to: https://farmdigits.outscalers.com/ 
16:25:33 [[32minfo[39m] [CommonUtils]: STEP: Waiting for page to load 
]]>
</system-out>
</testcase>
</testsuite>
</testsuites>