<testsuites id="" name="" tests="6" failures="2" skipped="0" errors="0" time="50.144918">
<testsuite name="add-animal.spec.ts" timestamp="2025-09-08T10:51:42.231Z" hostname="chromium" tests="1" failures="1" skipped="0" time="22.128" errors="0">
<testcase name="Add Animal › should open add animal form" classname="add-animal.spec.ts" time="22.128">
<failure message="add-animal.spec.ts:8:9 should open add animal form" type="FAILURE">
<![CDATA[  [chromium] › add-animal.spec.ts:8:9 › Add Animal › should open add animal form ───────────────────

    Error: expect.toBeVisible: Error: strict mode violation: getByText('Add Animal') resolved to 2 elements:
        1) <span>Add Animal</span> aka getByLabel('Animals').locator('button').filter({ hasText: 'Add Animal' })
        2) <button type="submit" class="inline-flex items-center justify-center whitespace-nowrap rounded-md text-sm font-medium ring-offset-background transition-colors focus-visible:outline-none focus-visible:ring-2 focus-visible:ring-ring focus-visible:ring-offset-2 disabled:pointer-events-none disabled:opacity-50 bg-primary text-primary-foreground hover:bg-primary/90 h-10 px-4 py-2">Add Animal</button> aka getByRole('button', { name: 'Add Animal' })

    Call log:
      - Expect "toBeVisible" with timeout 5000ms
      - waiting for getByText('Add Animal')


      15 |         const addAnimal = new AddAnimalPage(page);
      16 |         await addAnimal.openAddAnimalForm();
    > 17 |         await expect(page.getByText('Add Animal')).toBeVisible();
         |                                                    ^
      18 |     });
      19 | });
        at C:\Users\LENOVO\Desktop\Farm_Digit Automation Testing\tests\add-animal.spec.ts:17:52

    attachment #1: screenshot (image/png) ──────────────────────────────────────────────────────────
    ..\reports\current\test-results\add-animal-Add-Animal-should-open-add-animal-form-chromium\test-failed-1.png
    ────────────────────────────────────────────────────────────────────────────────────────────────

    attachment #2: video (video/webm) ──────────────────────────────────────────────────────────────
    ..\reports\current\test-results\add-animal-Add-Animal-should-open-add-animal-form-chromium\video.webm
    ────────────────────────────────────────────────────────────────────────────────────────────────

    Error Context: ..\reports\current\test-results\add-animal-Add-Animal-should-open-add-animal-form-chromium\error-context.md
]]>
</failure>
<system-out>
<![CDATA[15:51:49 [[32minfo[39m] [CommonUtils]: STEP: Navigating to: https://farmdigits.outscalers.com/ 
15:51:51 [[32minfo[39m] [CommonUtils]: STEP: Waiting for page to load 

[[ATTACHMENT|test-results\add-animal-Add-Animal-should-open-add-animal-form-chromium\test-failed-1.png]]

[[ATTACHMENT|test-results\add-animal-Add-Animal-should-open-add-animal-form-chromium\video.webm]]

[[ATTACHMENT|test-results\add-animal-Add-Animal-should-open-add-animal-form-chromium\error-context.md]]
]]>
</system-out>
</testcase>
</testsuite>
<testsuite name="add-doctor.spec.ts" timestamp="2025-09-08T10:51:42.231Z" hostname="chromium" tests="1" failures="1" skipped="0" time="24.254" errors="0">
<testcase name="Add Doctor › should add a doctor" classname="add-doctor.spec.ts" time="24.254">
<failure message="add-doctor.spec.ts:8:9 should add a doctor" type="FAILURE">
<![CDATA[  [chromium] › add-doctor.spec.ts:8:9 › Add Doctor › should add a doctor ───────────────────────────

    Error: expect(locator).toBeVisible() failed

    Locator:  getByText('Wiegand, Anderson and Greenfelder')
    Expected: visible
    Received: <element(s) not found>
    Timeout:  5000ms

    Call log:
      - Expect "toBeVisible" with timeout 5000ms
      - waiting for getByText('Wiegand, Anderson and Greenfelder')


      15 |         const addDoctor = new AddDoctorPage(page);
      16 |         await addDoctor.openAndSubmitDoctorForm(doctorsData.name, doctorsData.address, doctorsData.phone, doctorsData.description);
    > 17 |         await expect(page.getByText(doctorsData.name)).toBeVisible();
         |                                                        ^
      18 |     });
      19 | });
        at C:\Users\LENOVO\Desktop\Farm_Digit Automation Testing\tests\add-doctor.spec.ts:17:56

    attachment #1: screenshot (image/png) ──────────────────────────────────────────────────────────
    ..\reports\current\test-results\add-doctor-Add-Doctor-should-add-a-doctor-chromium\test-failed-1.png
    ────────────────────────────────────────────────────────────────────────────────────────────────

    attachment #2: video (video/webm) ──────────────────────────────────────────────────────────────
    ..\reports\current\test-results\add-doctor-Add-Doctor-should-add-a-doctor-chromium\video.webm
    ────────────────────────────────────────────────────────────────────────────────────────────────

    Error Context: ..\reports\current\test-results\add-doctor-Add-Doctor-should-add-a-doctor-chromium\error-context.md
]]>
</failure>
<system-out>
<![CDATA[15:51:49 [[32minfo[39m] [CommonUtils]: STEP: Navigating to: https://farmdigits.outscalers.com/ 
15:51:50 [[32minfo[39m] [CommonUtils]: STEP: Waiting for page to load 

[[ATTACHMENT|test-results\add-doctor-Add-Doctor-should-add-a-doctor-chromium\test-failed-1.png]]

[[ATTACHMENT|test-results\add-doctor-Add-Doctor-should-add-a-doctor-chromium\video.webm]]

[[ATTACHMENT|test-results\add-doctor-Add-Doctor-should-add-a-doctor-chromium\error-context.md]]
]]>
</system-out>
</testcase>
</testsuite>
<testsuite name="add-shed.spec.ts" timestamp="2025-09-08T10:51:42.231Z" hostname="chromium" tests="1" failures="0" skipped="0" time="23.019" errors="0">
<testcase name="Add Shed › should add a shed" classname="add-shed.spec.ts" time="23.019">
<system-out>
<![CDATA[15:51:49 [[32minfo[39m] [CommonUtils]: STEP: Navigating to: https://farmdigits.outscalers.com/ 
15:51:50 [[32minfo[39m] [CommonUtils]: STEP: Waiting for page to load 
]]>
</system-out>
</testcase>
</testsuite>
<testsuite name="change-logo.spec.ts" timestamp="2025-09-08T10:51:42.231Z" hostname="chromium" tests="1" failures="0" skipped="0" time="22.093" errors="0">
<testcase name="General Settings › should upload logo and save settings" classname="change-logo.spec.ts" time="22.093">
<system-out>
<![CDATA[15:51:45 [[32minfo[39m] [CommonUtils]: STEP: Navigating to: https://farmdigits.outscalers.com/ 
15:51:51 [[32minfo[39m] [CommonUtils]: STEP: Waiting for page to load 
]]>
</system-out>
</testcase>
</testsuite>
<testsuite name="login.spec.ts" timestamp="2025-09-08T10:51:42.231Z" hostname="chromium" tests="2" failures="0" skipped="0" time="21.929" errors="0">
<testcase name="Login › should login successfully with standard user" classname="login.spec.ts" time="11.782">
<system-out>
<![CDATA[15:52:07 [[32minfo[39m] [CommonUtils]: STEP: Navigating to: https://farmdigits.outscalers.com/ 
15:52:10 [[32minfo[39m] [CommonUtils]: STEP: Waiting for page to load 
]]>
</system-out>
</testcase>
<testcase name="Login › should show error on invalid credentials" classname="login.spec.ts" time="10.147">
<system-out>
<![CDATA[15:52:11 [[32minfo[39m] [CommonUtils]: STEP: Navigating to: https://farmdigits.outscalers.com/ 
15:52:14 [[32minfo[39m] [CommonUtils]: STEP: Waiting for page to load 
]]>
</system-out>
</testcase>
</testsuite>
</testsuites>