<testsuites id="" name="" tests="1" failures="0" skipped="0" errors="0" time="16.170711">
<testsuite name="login.spec.ts" timestamp="2025-09-09T11:29:44.263Z" hostname="chromium" tests="1" failures="0" skipped="0" time="12.274" errors="0">
<testcase name="SauceDemo Login E2E › should login successfully with standard user" classname="login.spec.ts" time="12.274">
<system-out>
<![CDATA[16:29:46 [[32minfo[39m] [CommonUtils]: STEP: Navigating to: https://farmdigits.outscalers.com/ 
16:29:49 [[32minfo[39m] [CommonUtils]: STEP: Waiting for page to load 
]]>
</system-out>
</testcase>
</testsuite>
</testsuites>