<testsuites id="" name="" tests="1" failures="1" skipped="0" errors="0" time="22.444066">
<testsuite name="change-logo.spec.ts" timestamp="2025-09-04T11:21:41.354Z" hostname="chromium" tests="1" failures="1" skipped="0" time="19.406" errors="0">
<testcase name="Add Shed › should add a shed" classname="change-logo.spec.ts" time="19.406">
<failure message="change-logo.spec.ts:9:9 should add a shed" type="FAILURE">
<![CDATA[  [chromium] › change-logo.spec.ts:9:9 › Add Shed › should add a shed ──────────────────────────────

    TimeoutError: page.waitForSelector: Timeout 10000ms exceeded.
    Call log:
      - waiting for locator('input[name="name"][value]') to be visible


      17 |         const settingPage = new SettingPage(page);
      18 |         await settingPage.uploadLogo(Logo_Path);
    > 19 |         await page.waitForSelector('input[name="name"][value]');
         |                    ^
      20 |         await settingPage.clickSaveButton();
      21 |         await page.pause();
      22 |     });
        at C:\Users\LENOVO\Desktop\Farm_Digit Automation Testing\tests\change-logo.spec.ts:19:20

    attachment #1: screenshot (image/png) ──────────────────────────────────────────────────────────
    ..\reports\current\test-results\change-logo-Add-Shed-should-add-a-shed-chromium\test-failed-1.png
    ────────────────────────────────────────────────────────────────────────────────────────────────

    attachment #2: video (video/webm) ──────────────────────────────────────────────────────────────
    ..\reports\current\test-results\change-logo-Add-Shed-should-add-a-shed-chromium\video.webm
    ────────────────────────────────────────────────────────────────────────────────────────────────

    Error Context: ..\reports\current\test-results\change-logo-Add-Shed-should-add-a-shed-chromium\error-context.md
]]>
</failure>
<system-out>
<![CDATA[16:21:43 [[32minfo[39m] [CommonUtils]: STEP: Navigating to: https://farmdigits.outscalers.com/ 
16:21:45 [[32minfo[39m] [CommonUtils]: STEP: Waiting for page to load 

[[ATTACHMENT|test-results\change-logo-Add-Shed-should-add-a-shed-chromium\test-failed-1.png]]

[[ATTACHMENT|test-results\change-logo-Add-Shed-should-add-a-shed-chromium\video.webm]]

[[ATTACHMENT|test-results\change-logo-Add-Shed-should-add-a-shed-chromium\error-context.md]]
]]>
</system-out>
</testcase>
</testsuite>
</testsuites>