<testsuites id="" name="" tests="1" failures="0" skipped="0" errors="0" time="11.550831999999998">
<testsuite name="change-logo.spec.ts" timestamp="2025-09-04T11:48:37.965Z" hostname="chromium" tests="1" failures="0" skipped="0" time="8.36" errors="0">
<testcase name="General Settings › should upload logo and save settings" classname="change-logo.spec.ts" time="8.36">
<system-out>
<![CDATA[16:48:39 [[32minfo[39m] [CommonUtils]: STEP: Navigating to: https://farmdigits.outscalers.com/ 
16:48:41 [[32minfo[39m] [CommonUtils]: STEP: Waiting for page to load 
]]>
</system-out>
</testcase>
</testsuite>
</testsuites>