<testsuites id="" name="" tests="1" failures="1" skipped="0" errors="0" time="18.135108">
<testsuite name="change-logo.spec.ts" timestamp="2025-09-04T11:45:23.208Z" hostname="chromium" tests="1" failures="1" skipped="0" time="14.347" errors="0">
<testcase name="General Settings › should upload logo and save settings" classname="change-logo.spec.ts" time="14.347">
<failure message="change-logo.spec.ts:11:7 should upload logo and save settings" type="FAILURE">
<![CDATA[  [chromium] › change-logo.spec.ts:11:7 › General Settings › should upload logo and save settings ──

    TimeoutError: locator.waitFor: Timeout 10000ms exceeded.
    Call log:
      - waiting for locator('#email') to be visible


       at ..\src\utils\common-utils.ts:23

      21 |     this.logger.logElementInteraction('waitForElement', selector);
      22 |     const element = this.page.locator(selector);
    > 23 |     await element.waitFor({ state: 'visible', timeout });
         |                   ^
      24 |     return element;
      25 |   }
      26 |
        at CommonUtils.waitForElement (C:\Users\LENOVO\Desktop\Farm_Digit Automation Testing\src\utils\common-utils.ts:23:19)
        at CommonUtils.fillInput (C:\Users\LENOVO\Desktop\Farm_Digit Automation Testing\src\utils\common-utils.ts:51:32)
        at LoginPage.login (C:\Users\LENOVO\Desktop\Farm_Digit Automation Testing\src\pages\login-page.ts:30:22)
        at C:\Users\LENOVO\Desktop\Farm_Digit Automation Testing\tests\change-logo.spec.ts:18:21

    attachment #1: screenshot (image/png) ──────────────────────────────────────────────────────────
    ..\reports\current\test-results\change-logo-General-Settin-d4d3f-load-logo-and-save-settings-chromium\test-failed-1.png
    ────────────────────────────────────────────────────────────────────────────────────────────────

    attachment #2: video (video/webm) ──────────────────────────────────────────────────────────────
    ..\reports\current\test-results\change-logo-General-Settin-d4d3f-load-logo-and-save-settings-chromium\video.webm
    ────────────────────────────────────────────────────────────────────────────────────────────────

    Error Context: ..\reports\current\test-results\change-logo-General-Settin-d4d3f-load-logo-and-save-settings-chromium\error-context.md
]]>
</failure>
<system-out>
<![CDATA[16:45:25 [[32minfo[39m] [CommonUtils]: STEP: Navigating to: https://farmdigits.outscalers.com/ 
16:45:27 [[32minfo[39m] [CommonUtils]: STEP: Waiting for page to load 

[[ATTACHMENT|test-results\change-logo-General-Settin-d4d3f-load-logo-and-save-settings-chromium\test-failed-1.png]]

[[ATTACHMENT|test-results\change-logo-General-Settin-d4d3f-load-logo-and-save-settings-chromium\video.webm]]

[[ATTACHMENT|test-results\change-logo-General-Settin-d4d3f-load-logo-and-save-settings-chromium\error-context.md]]
]]>
</system-out>
</testcase>
</testsuite>
</testsuites>