<testsuites id="" name="" tests="1" failures="0" skipped="0" errors="0" time="12.403875">
<testsuite name="add-doctor.spec.ts" timestamp="2025-09-10T10:59:31.948Z" hostname="chromium" tests="1" failures="0" skipped="0" time="9.285" errors="0">
<testcase name="Veterinarian Directory › should delete searched veterinarian" classname="add-doctor.spec.ts" time="9.285">
<system-out>
<![CDATA[15:59:34 [[32minfo[39m] [CommonUtils]: STEP: Navigating to: https://farmdigits.outscalers.com/ 
15:59:36 [[32minfo[39m] [CommonUtils]: STEP: Waiting for page to load 
15:59:42 [[32minfo[39m] [CommonUtils]: STEP: waitForTableUpdate {
  "0": "5",
  "1": "0",
  "2": "0",
  "3": "m",
  "4": "s"
}
Search returned no matches for "Damon"
15:59:42 [[32minfo[39m] [CommonUtils]: STEP: getRowByName {
  "0": "D",
  "1": "a",
  "2": "m",
  "3": "o",
  "4": "n"
}
Veterinarian "Damon" not found, skipping delete.
]]>
</system-out>
</testcase>
</testsuite>
</testsuites>