<testsuites id="" name="" tests="1" failures="0" skipped="0" errors="0" time="17.299389">
<testsuite name="add-animal.spec.ts" timestamp="2025-09-04T12:10:32.419Z" hostname="chromium" tests="1" failures="0" skipped="0" time="13.778" errors="0">
<testcase name="Add Shed › should add a shed" classname="add-animal.spec.ts" time="13.778">
<system-out>
<![CDATA[17:10:34 [[32minfo[39m] [CommonUtils]: STEP: Navigating to: https://farmdigits.outscalers.com/ 
17:10:36 [[32minfo[39m] [CommonUtils]: STEP: Waiting for page to load 
]]>
</system-out>
</testcase>
</testsuite>
</testsuites>