<testsuites id="" name="" tests="1" failures="0" skipped="0" errors="0" time="33.444272000000005">
<testsuite name="add-doctor.spec.ts" timestamp="2025-09-08T11:03:49.265Z" hostname="chromium" tests="1" failures="0" skipped="0" time="29.825" errors="0">
<testcase name="Add Shed › should add a shed" classname="add-doctor.spec.ts" time="29.825">
<system-out>
<![CDATA[16:03:51 [[32minfo[39m] [CommonUtils]: STEP: Navigating to: https://farmdigits.outscalers.com/ 
16:03:54 [[32minfo[39m] [CommonUtils]: STEP: Waiting for page to load 
]]>
</system-out>
</testcase>
</testsuite>
</testsuites>