<testsuites id="" name="" tests="3" failures="1" skipped="0" errors="0" time="23.876464">
<testsuite name="add-doctor.spec.ts" timestamp="2025-09-09T07:02:13.988Z" hostname="chromium" tests="3" failures="1" skipped="0" time="31.068" errors="0">
<testcase name="Veterinarian Directory › should add a doctor" classname="add-doctor.spec.ts" time="8.851">
</testcase>
<testcase name="Veterinarian Directory › should filter table results by search term" classname="add-doctor.spec.ts" time="8.539">
</testcase>
<testcase name="Veterinarian Directory › should delete searched veterinarian" classname="add-doctor.spec.ts" time="13.678">
<failure message="add-doctor.spec.ts:30:9 should delete searched veterinarian" type="FAILURE">
<![CDATA[  [chromium] › add-doctor.spec.ts:30:9 › Veterinarian Directory › should delete searched veterinarian 

    Error: expect(locator).toHaveCount(expected) failed

    Locator:  locator('table tbody tr').filter({ hasText: 'Musa' })
    Expected: 0
    Received: 2
    Timeout:  5000ms

    Call log:
      - Expect "toHaveCount" with timeout 5000ms
      - waiting for locator('table tbody tr').filter({ hasText: 'Musa' })
        9 × locator resolved to 2 elements
          - unexpected value "2"


       at ..\src\pages\Health&Vaccinations.ts:74

      72 |         await expect(
      73 |           this.page.locator('table tbody tr', { hasText: fullName })
    > 74 |         ).toHaveCount(0);
         |           ^
      75 |       }      
      76 |       
      77 | }
        at HealthAndVaccinationsPage.deleteVeterinarian (C:\Users\LENOVO\Desktop\Farm_Digit Automation Testing\src\pages\Health&Vaccinations.ts:74:11)
        at C:\Users\LENOVO\Desktop\Farm_Digit Automation Testing\tests\add-doctor.spec.ts:35:9

    attachment #1: screenshot (image/png) ──────────────────────────────────────────────────────────
    ..\reports\current\test-results\add-doctor-Veterinarian-Di-4598a-elete-searched-veterinarian-chromium\test-failed-1.png
    ────────────────────────────────────────────────────────────────────────────────────────────────

    attachment #2: video (video/webm) ──────────────────────────────────────────────────────────────
    ..\reports\current\test-results\add-doctor-Veterinarian-Di-4598a-elete-searched-veterinarian-chromium\video.webm
    ────────────────────────────────────────────────────────────────────────────────────────────────

    Error Context: ..\reports\current\test-results\add-doctor-Veterinarian-Di-4598a-elete-searched-veterinarian-chromium\error-context.md
]]>
</failure>
<system-out>
<![CDATA[
[[ATTACHMENT|test-results\add-doctor-Veterinarian-Di-4598a-elete-searched-veterinarian-chromium\test-failed-1.png]]

[[ATTACHMENT|test-results\add-doctor-Veterinarian-Di-4598a-elete-searched-veterinarian-chromium\video.webm]]

[[ATTACHMENT|test-results\add-doctor-Veterinarian-Di-4598a-elete-searched-veterinarian-chromium\error-context.md]]
]]>
</system-out>
</testcase>
</testsuite>
</testsuites>