<testsuites id="" name="" tests="1" failures="0" skipped="0" errors="0" time="10.270864">
<testsuite name="change-logo.spec.ts" timestamp="2025-09-09T11:47:51.432Z" hostname="chromium" tests="1" failures="0" skipped="0" time="7.371" errors="0">
<testcase name="General Settings › should upload logo and save settings" classname="change-logo.spec.ts" time="7.371">
<system-out>
<![CDATA[16:47:53 [[32minfo[39m] [CommonUtils]: STEP: Navigating to: https://farmdigits.outscalers.com/ 
16:47:55 [[32minfo[39m] [CommonUtils]: STEP: Waiting for page to load 
]]>
</system-out>
</testcase>
</testsuite>
</testsuites>