<testsuites id="" name="" tests="1" failures="0" skipped="0" errors="0" time="14.658627000000001">
<testsuite name="add-doctor.spec.ts" timestamp="2025-09-10T05:32:02.418Z" hostname="chromium" tests="1" failures="0" skipped="0" time="10.856" errors="0">
<testcase name="Veterinarian Directory › should add a vaccine" classname="add-doctor.spec.ts" time="10.856">
<system-out>
<![CDATA[10:32:04 [[32minfo[39m] [CommonUtils]: STEP: Navigating to: https://farmdigits.outscalers.com/ 
10:32:06 [[32minfo[39m] [CommonUtils]: STEP: Waiting for page to load 
]]>
</system-out>
</testcase>
</testsuite>
</testsuites>