<testsuites id="" name="" tests="1" failures="0" skipped="0" errors="0" time="14.19873">
<testsuite name="add-shed.spec.ts" timestamp="2025-09-09T11:38:24.448Z" hostname="chromium" tests="1" failures="0" skipped="0" time="11.066" errors="0">
<testcase name="Add Shed › should add a shed" classname="add-shed.spec.ts" time="11.066">
<system-out>
<![CDATA[16:38:26 [[32minfo[39m] [CommonUtils]: STEP: Navigating to: https://farmdigits.outscalers.com/ 
16:38:28 [[32minfo[39m] [CommonUtils]: STEP: Waiting for page to load 
]]>
</system-out>
</testcase>
</testsuite>
</testsuites>