<testsuites id="" name="" tests="1" failures="0" skipped="0" errors="0" time="15.960748999999998">
<testsuite name="health-vaccinations.spec.ts" timestamp="2025-09-16T05:37:23.157Z" hostname="chromium" tests="1" failures="0" skipped="0" time="13.402" errors="0">
<testcase name="Health&amp;Vaccinations Directory › Add Health Record:" classname="health-vaccinations.spec.ts" time="13.402">
<system-out>
<![CDATA[10:37:24 [[32minfo[39m] [CommonUtils]: STEP: Navigating to: https://farmdigits.outscalers.com/ 
10:37:31 [[32minfo[39m] [CommonUtils]: STEP: Waiting for page to load 
]]>
</system-out>
</testcase>
</testsuite>
</testsuites>