<testsuites id="" name="" tests="6" failures="3" skipped="0" errors="0" time="48.364909">
<testsuite name="add-animal.spec.ts" timestamp="2025-09-08T10:42:41.091Z" hostname="chromium" tests="1" failures="1" skipped="0" time="37.751" errors="0">
<testcase name="Add Animal › should open add animal form" classname="add-animal.spec.ts" time="37.751">
<failure message="add-animal.spec.ts:8:9 should open add animal form" type="FAILURE">
<![CDATA[  [chromium] › add-animal.spec.ts:8:9 › Add Animal › should open add animal form ───────────────────

    TimeoutError: locator.waitFor: Timeout 10000ms exceeded.
    Call log:
      - waiting for locator('//span[text()="Livestock Management"]') to be visible


       at ..\src\utils\common-utils.ts:23

      21 |     this.logger.logElementInteraction('waitForElement', selector);
      22 |     const element = this.page.locator(selector);
    > 23 |     await element.waitFor({ state: 'visible', timeout });
         |                   ^
      24 |     return element;
      25 |   }
      26 |
        at CommonUtils.waitForElement (C:\Users\LENOVO\Desktop\Farm_Digit Automation Testing\src\utils\common-utils.ts:23:19)
        at CommonUtils.clickElement (C:\Users\LENOVO\Desktop\Farm_Digit Automation Testing\src\utils\common-utils.ts:35:36)
        at SidebarPage.clickLivestockManagement (C:\Users\LENOVO\Desktop\Farm_Digit Automation Testing\src\pages\sidebar-page.ts:18:9)
        at SidebarPage.openAnimalTable (C:\Users\LENOVO\Desktop\Farm_Digit Automation Testing\src\pages\sidebar-page.ts:48:9)
        at C:\Users\LENOVO\Desktop\Farm_Digit Automation Testing\tests\add-animal.spec.ts:11:9

    attachment #1: screenshot (image/png) ──────────────────────────────────────────────────────────
    ..\reports\current\test-results\add-animal-Add-Animal-should-open-add-animal-form-chromium\test-failed-1.png
    ────────────────────────────────────────────────────────────────────────────────────────────────

    attachment #2: video (video/webm) ──────────────────────────────────────────────────────────────
    ..\reports\current\test-results\add-animal-Add-Animal-should-open-add-animal-form-chromium\video.webm
    ────────────────────────────────────────────────────────────────────────────────────────────────
]]>
</failure>
<system-out>
<![CDATA[15:42:52 [[33mwarn[39m] [CommonUtils]: Click attempt 1 failed, retrying... {
  "selector": "//span[text()=\"Livestock Management\"]",
  "error": {
    "name": "TimeoutError"
  }
}
15:43:04 [[33mwarn[39m] [CommonUtils]: Click attempt 2 failed, retrying... {
  "selector": "//span[text()=\"Livestock Management\"]",
  "error": {
    "name": "TimeoutError"
  }
}

[[ATTACHMENT|test-results\add-animal-Add-Animal-should-open-add-animal-form-chromium\test-failed-1.png]]

[[ATTACHMENT|test-results\add-animal-Add-Animal-should-open-add-animal-form-chromium\video.webm]]
]]>
</system-out>
</testcase>
</testsuite>
<testsuite name="add-doctor.spec.ts" timestamp="2025-09-08T10:42:41.091Z" hostname="chromium" tests="1" failures="1" skipped="0" time="38.021" errors="0">
<testcase name="Add Doctor › should add a doctor" classname="add-doctor.spec.ts" time="38.021">
<failure message="add-doctor.spec.ts:8:9 should add a doctor" type="FAILURE">
<![CDATA[  [chromium] › add-doctor.spec.ts:8:9 › Add Doctor › should add a doctor ───────────────────────────

    TimeoutError: locator.waitFor: Timeout 10000ms exceeded.
    Call log:
      - waiting for locator('//span[text()="Livestock Management"]') to be visible


       at ..\src\utils\common-utils.ts:23

      21 |     this.logger.logElementInteraction('waitForElement', selector);
      22 |     const element = this.page.locator(selector);
    > 23 |     await element.waitFor({ state: 'visible', timeout });
         |                   ^
      24 |     return element;
      25 |   }
      26 |
        at CommonUtils.waitForElement (C:\Users\LENOVO\Desktop\Farm_Digit Automation Testing\src\utils\common-utils.ts:23:19)
        at CommonUtils.clickElement (C:\Users\LENOVO\Desktop\Farm_Digit Automation Testing\src\utils\common-utils.ts:35:36)
        at SidebarPage.clickLivestockManagement (C:\Users\LENOVO\Desktop\Farm_Digit Automation Testing\src\pages\sidebar-page.ts:18:9)
        at SidebarPage.openHealthAndVaccinationPage (C:\Users\LENOVO\Desktop\Farm_Digit Automation Testing\src\pages\sidebar-page.ts:40:9)
        at C:\Users\LENOVO\Desktop\Farm_Digit Automation Testing\tests\add-doctor.spec.ts:11:9

    attachment #1: screenshot (image/png) ──────────────────────────────────────────────────────────
    ..\reports\current\test-results\add-doctor-Add-Doctor-should-add-a-doctor-chromium\test-failed-1.png
    ────────────────────────────────────────────────────────────────────────────────────────────────

    attachment #2: video (video/webm) ──────────────────────────────────────────────────────────────
    ..\reports\current\test-results\add-doctor-Add-Doctor-should-add-a-doctor-chromium\video.webm
    ────────────────────────────────────────────────────────────────────────────────────────────────
]]>
</failure>
<system-out>
<![CDATA[15:42:53 [[33mwarn[39m] [CommonUtils]: Click attempt 1 failed, retrying... {
  "selector": "//span[text()=\"Livestock Management\"]",
  "error": {
    "name": "TimeoutError"
  }
}
15:43:04 [[33mwarn[39m] [CommonUtils]: Click attempt 2 failed, retrying... {
  "selector": "//span[text()=\"Livestock Management\"]",
  "error": {
    "name": "TimeoutError"
  }
}

[[ATTACHMENT|test-results\add-doctor-Add-Doctor-should-add-a-doctor-chromium\test-failed-1.png]]

[[ATTACHMENT|test-results\add-doctor-Add-Doctor-should-add-a-doctor-chromium\video.webm]]
]]>
</system-out>
</testcase>
</testsuite>
<testsuite name="add-shed.spec.ts" timestamp="2025-09-08T10:42:41.091Z" hostname="chromium" tests="1" failures="1" skipped="0" time="37.959" errors="0">
<testcase name="Add Shed › should add a shed" classname="add-shed.spec.ts" time="37.959">
<failure message="add-shed.spec.ts:8:9 should add a shed" type="FAILURE">
<![CDATA[  [chromium] › add-shed.spec.ts:8:9 › Add Shed › should add a shed ─────────────────────────────────

    TimeoutError: locator.waitFor: Timeout 10000ms exceeded.
    Call log:
      - waiting for locator('//span[text()="Livestock Management"]') to be visible


       at ..\src\utils\common-utils.ts:23

      21 |     this.logger.logElementInteraction('waitForElement', selector);
      22 |     const element = this.page.locator(selector);
    > 23 |     await element.waitFor({ state: 'visible', timeout });
         |                   ^
      24 |     return element;
      25 |   }
      26 |
        at CommonUtils.waitForElement (C:\Users\LENOVO\Desktop\Farm_Digit Automation Testing\src\utils\common-utils.ts:23:19)
        at CommonUtils.clickElement (C:\Users\LENOVO\Desktop\Farm_Digit Automation Testing\src\utils\common-utils.ts:35:36)
        at SidebarPage.clickLivestockManagement (C:\Users\LENOVO\Desktop\Farm_Digit Automation Testing\src\pages\sidebar-page.ts:18:9)
        at SidebarPage.openShedTable (C:\Users\LENOVO\Desktop\Farm_Digit Automation Testing\src\pages\sidebar-page.ts:53:9)
        at C:\Users\LENOVO\Desktop\Farm_Digit Automation Testing\tests\add-shed.spec.ts:11:9

    attachment #1: screenshot (image/png) ──────────────────────────────────────────────────────────
    ..\reports\current\test-results\add-shed-Add-Shed-should-add-a-shed-chromium\test-failed-1.png
    ────────────────────────────────────────────────────────────────────────────────────────────────

    attachment #2: video (video/webm) ──────────────────────────────────────────────────────────────
    ..\reports\current\test-results\add-shed-Add-Shed-should-add-a-shed-chromium\video.webm
    ────────────────────────────────────────────────────────────────────────────────────────────────
]]>
</failure>
<system-out>
<![CDATA[15:42:53 [[33mwarn[39m] [CommonUtils]: Click attempt 1 failed, retrying... {
  "selector": "//span[text()=\"Livestock Management\"]",
  "error": {
    "name": "TimeoutError"
  }
}
15:43:04 [[33mwarn[39m] [CommonUtils]: Click attempt 2 failed, retrying... {
  "selector": "//span[text()=\"Livestock Management\"]",
  "error": {
    "name": "TimeoutError"
  }
}

[[ATTACHMENT|test-results\add-shed-Add-Shed-should-add-a-shed-chromium\test-failed-1.png]]

[[ATTACHMENT|test-results\add-shed-Add-Shed-should-add-a-shed-chromium\video.webm]]
]]>
</system-out>
</testcase>
</testsuite>
<testsuite name="change-logo.spec.ts" timestamp="2025-09-08T10:42:41.091Z" hostname="chromium" tests="1" failures="0" skipped="0" time="9.027" errors="0">
<testcase name="General Settings › should upload logo and save settings" classname="change-logo.spec.ts" time="9.027">
<system-out>
<![CDATA[15:42:43 [[32minfo[39m] [CommonUtils]: STEP: Navigating to: https://farmdigits.outscalers.com/ 
15:42:45 [[32minfo[39m] [CommonUtils]: STEP: Waiting for page to load 
]]>
</system-out>
</testcase>
</testsuite>
<testsuite name="login.spec.ts" timestamp="2025-09-08T10:42:41.091Z" hostname="chromium" tests="2" failures="0" skipped="0" time="13.374" errors="0">
<testcase name="Login › should login successfully with standard user" classname="login.spec.ts" time="6.546">
<system-out>
<![CDATA[15:42:52 [[32minfo[39m] [CommonUtils]: STEP: Navigating to: https://farmdigits.outscalers.com/ 
15:42:54 [[32minfo[39m] [CommonUtils]: STEP: Waiting for page to load 
]]>
</system-out>
</testcase>
<testcase name="Login › should show error on invalid credentials" classname="login.spec.ts" time="6.828">
<system-out>
<![CDATA[15:42:59 [[32minfo[39m] [CommonUtils]: STEP: Navigating to: https://farmdigits.outscalers.com/ 
15:43:01 [[32minfo[39m] [CommonUtils]: STEP: Waiting for page to load 
]]>
</system-out>
</testcase>
</testsuite>
</testsuites>