<testsuites id="" name="" tests="5" failures="2" skipped="0" errors="0" time="90.44788899999999">
<testsuite name="add-animal.spec.ts" timestamp="2025-09-08T10:59:20.768Z" hostname="chromium" tests="1" failures="0" skipped="0" time="53.942" errors="0">
<testcase name="Add Shed › should add a shed" classname="add-animal.spec.ts" time="53.942">
<system-out>
<![CDATA[15:59:23 [[32minfo[39m] [CommonUtils]: STEP: Navigating to: https://farmdigits.outscalers.com/ 
15:59:30 [[32minfo[39m] [CommonUtils]: STEP: Waiting for page to load 
16:00:11 [[33mwarn[39m] [CommonUtils]: Click attempt 1 failed, retrying... {
  "selector": "//span[text()=\"Livestock Management\"]",
  "error": {
    "name": "TimeoutError"
  }
}
]]>
</system-out>
</testcase>
</testsuite>
<testsuite name="add-doctor.spec.ts" timestamp="2025-09-08T10:59:20.768Z" hostname="chromium" tests="1" failures="1" skipped="0" time="52.108" errors="0">
<testcase name="Add Shed › should add a shed" classname="add-doctor.spec.ts" time="52.108">
<failure message="add-doctor.spec.ts:8:9 should add a shed" type="FAILURE">
<![CDATA[  [chromium] › add-doctor.spec.ts:8:9 › Add Shed › should add a shed ───────────────────────────────

    TimeoutError: page.waitForLoadState: Timeout 30000ms exceeded.

       at ..\src\utils\common-utils.ts:127

      125 |   async waitForPageLoad(): Promise<void> {
      126 |     this.logger.logStep('Waiting for page to load');
    > 127 |     await this.page.waitForLoadState('networkidle');
          |                     ^
      128 |   }
      129 |
      130 |   /**
        at CommonUtils.waitForPageLoad (C:\Users\LENOVO\Desktop\Farm_Digit Automation Testing\src\utils\common-utils.ts:127:21)
        at CommonUtils.navigateTo (C:\Users\LENOVO\Desktop\Farm_Digit Automation Testing\src\utils\common-utils.ts:294:16)
        at LoginPage.clickLoginButton (C:\Users\LENOVO\Desktop\Farm_Digit Automation Testing\src\pages\login-page.ts:21:5)
        at C:\Users\LENOVO\Desktop\Farm_Digit Automation Testing\tests\add-doctor.spec.ts:10:9

    attachment #1: screenshot (image/png) ──────────────────────────────────────────────────────────
    ..\reports\current\test-results\add-doctor-Add-Shed-should-add-a-shed-chromium\test-failed-1.png
    ────────────────────────────────────────────────────────────────────────────────────────────────

    attachment #2: video (video/webm) ──────────────────────────────────────────────────────────────
    ..\reports\current\test-results\add-doctor-Add-Shed-should-add-a-shed-chromium\video.webm
    ────────────────────────────────────────────────────────────────────────────────────────────────

    Error Context: ..\reports\current\test-results\add-doctor-Add-Shed-should-add-a-shed-chromium\error-context.md
]]>
</failure>
<system-out>
<![CDATA[15:59:23 [[32minfo[39m] [CommonUtils]: STEP: Navigating to: https://farmdigits.outscalers.com/ 
15:59:42 [[32minfo[39m] [CommonUtils]: STEP: Waiting for page to load 

[[ATTACHMENT|test-results\add-doctor-Add-Shed-should-add-a-shed-chromium\test-failed-1.png]]

[[ATTACHMENT|test-results\add-doctor-Add-Shed-should-add-a-shed-chromium\video.webm]]

[[ATTACHMENT|test-results\add-doctor-Add-Shed-should-add-a-shed-chromium\error-context.md]]
]]>
</system-out>
</testcase>
</testsuite>
<testsuite name="add-shed.spec.ts" timestamp="2025-09-08T10:59:20.768Z" hostname="chromium" tests="1" failures="1" skipped="0" time="44.626" errors="0">
<testcase name="Add Shed › should add a shed" classname="add-shed.spec.ts" time="44.626">
<failure message="add-shed.spec.ts:8:9 should add a shed" type="FAILURE">
<![CDATA[  [chromium] › add-shed.spec.ts:8:9 › Add Shed › should add a shed ─────────────────────────────────

    TimeoutError: page.waitForLoadState: Timeout 30000ms exceeded.

       at ..\src\utils\common-utils.ts:127

      125 |   async waitForPageLoad(): Promise<void> {
      126 |     this.logger.logStep('Waiting for page to load');
    > 127 |     await this.page.waitForLoadState('networkidle');
          |                     ^
      128 |   }
      129 |
      130 |   /**
        at CommonUtils.waitForPageLoad (C:\Users\LENOVO\Desktop\Farm_Digit Automation Testing\src\utils\common-utils.ts:127:21)
        at CommonUtils.navigateTo (C:\Users\LENOVO\Desktop\Farm_Digit Automation Testing\src\utils\common-utils.ts:294:16)
        at LoginPage.clickLoginButton (C:\Users\LENOVO\Desktop\Farm_Digit Automation Testing\src\pages\login-page.ts:21:5)
        at C:\Users\LENOVO\Desktop\Farm_Digit Automation Testing\tests\add-shed.spec.ts:10:9

    attachment #1: screenshot (image/png) ──────────────────────────────────────────────────────────
    ..\reports\current\test-results\add-shed-Add-Shed-should-add-a-shed-chromium\test-failed-1.png
    ────────────────────────────────────────────────────────────────────────────────────────────────

    attachment #2: video (video/webm) ──────────────────────────────────────────────────────────────
    ..\reports\current\test-results\add-shed-Add-Shed-should-add-a-shed-chromium\video.webm
    ────────────────────────────────────────────────────────────────────────────────────────────────

    Error Context: ..\reports\current\test-results\add-shed-Add-Shed-should-add-a-shed-chromium\error-context.md
]]>
</failure>
<system-out>
<![CDATA[15:59:23 [[32minfo[39m] [CommonUtils]: STEP: Navigating to: https://farmdigits.outscalers.com/ 
15:59:31 [[32minfo[39m] [CommonUtils]: STEP: Waiting for page to load 

[[ATTACHMENT|test-results\add-shed-Add-Shed-should-add-a-shed-chromium\test-failed-1.png]]

[[ATTACHMENT|test-results\add-shed-Add-Shed-should-add-a-shed-chromium\video.webm]]

[[ATTACHMENT|test-results\add-shed-Add-Shed-should-add-a-shed-chromium\error-context.md]]
]]>
</system-out>
</testcase>
</testsuite>
<testsuite name="change-logo.spec.ts" timestamp="2025-09-08T10:59:20.768Z" hostname="chromium" tests="1" failures="0" skipped="0" time="52.617" errors="0">
<testcase name="General Settings › should upload logo and save settings" classname="change-logo.spec.ts" time="52.617">
<system-out>
<![CDATA[15:59:23 [[32minfo[39m] [CommonUtils]: STEP: Navigating to: https://farmdigits.outscalers.com/ 
15:59:33 [[32minfo[39m] [CommonUtils]: STEP: Waiting for page to load 
]]>
</system-out>
</testcase>
</testsuite>
<testsuite name="login.spec.ts" timestamp="2025-09-08T10:59:20.768Z" hostname="chromium" tests="1" failures="0" skipped="0" time="31.966" errors="0">
<testcase name="SauceDemo Login E2E › should login successfully with standard user" classname="login.spec.ts" time="31.966">
<system-out>
<![CDATA[16:00:18 [[32minfo[39m] [CommonUtils]: STEP: Navigating to: https://farmdigits.outscalers.com/ 
16:00:27 [[32minfo[39m] [CommonUtils]: STEP: Waiting for page to load 
]]>
</system-out>
</testcase>
</testsuite>
</testsuites>